\BOOKMARK [0][-]{pre-frontmatter:cover.0}{\376\377\134\001\227\142}{}% 1
\BOOKMARK [0][-]{chapter*.1}{\376\377\144\130\211\201}{}% 2
\BOOKMARK [0][-]{chapter*.2}{\376\377\000A\000b\000s\000t\000r\000a\000c\000t}{}% 3
\BOOKMARK [0][-]{ch:toc.0}{\376\377\166\356\137\125}{}% 4
\BOOKMARK [0][-]{chapter.1}{\376\377\173\054\0001\172\340\000\040\000\040\176\352\213\272}{}% 5
\BOOKMARK [1][-]{section.1.1}{\376\377\0001\000.\000\040\0001\000\040\170\024\172\166\200\314\146\157\116\016\141\017\116\111}{chapter.1}% 6
\BOOKMARK [1][-]{section.1.2}{\376\377\0001\000.\000\040\0002\000\040\126\375\121\205\131\026\170\024\172\166\163\260\162\266}{chapter.1}% 7
\BOOKMARK [2][-]{subsection.1.2.1}{\376\377\0001\000.\000\040\0002\000.\000\040\0001\000\040\201\352\221\315\176\304\217\156\215\263\147\072\126\150\116\272\170\024\172\166\163\260\162\266}{section.1.2}% 8
\BOOKMARK [2][-]{subsection.1.2.2}{\376\377\0001\000.\000\040\0002\000.\000\040\0002\000\040\131\032\147\072\126\150\116\272\123\117\124\014\143\247\122\066\170\024\172\166\163\260\162\266}{section.1.2}% 9
\BOOKMARK [1][-]{section.1.3}{\376\377\0001\000.\000\040\0003\000\040\147\054\145\207\116\073\211\201\170\024\172\166\121\205\133\271}{chapter.1}% 10
\BOOKMARK [1][-]{section.1.4}{\376\377\0001\000.\000\040\0004\000\040\213\272\145\207\176\304\176\307\176\323\147\204}{chapter.1}% 11
\BOOKMARK [0][-]{chapter.2}{\376\377\173\054\0002\172\340\000\040\000\040\224\376\137\017\174\373\176\337\136\372\152\041}{}% 12
\BOOKMARK [1][-]{section.2.1}{\376\377\0002\000.\000\040\0001\000\040\123\125\117\123\147\072\126\150\116\272\176\323\147\204\116\016\127\120\150\007\174\373\133\232\116\111}{chapter.2}% 13
\BOOKMARK [1][-]{section.2.2}{\376\377\0002\000.\000\040\0002\000\040\123\125\147\072\217\320\122\250\133\146\152\041\127\213}{chapter.2}% 14
\BOOKMARK [1][-]{section.2.3}{\376\377\0002\000.\000\040\0003\000\040\224\376\137\017\217\336\143\245\176\323\147\204\116\016\217\320\122\250\176\246\147\137}{chapter.2}% 15
\BOOKMARK [1][-]{section.2.4}{\376\377\0002\000.\000\040\0004\000\040\224\376\137\017\174\373\176\337\217\320\122\250\133\146\152\041\127\213}{chapter.2}% 16
\BOOKMARK [1][-]{section.2.5}{\376\377\0002\000.\000\040\0005\000\040\147\054\172\340\134\017\176\323}{chapter.2}% 17
\BOOKMARK [0][-]{chapter.3}{\376\377\173\054\0003\172\340\000\040\000\040\123\125\147\072\122\250\122\233\133\146\122\006\147\220\116\016\127\372\170\100\143\247\122\066\126\150\213\276\213\241}{}% 18
\BOOKMARK [1][-]{section.3.1}{\376\377\0003\000.\000\040\0001\000\040\123\125\117\123\147\072\126\150\116\272\122\250\122\233\133\146\162\171\140\047\122\006\147\220}{chapter.3}% 19
\BOOKMARK [1][-]{section.3.2}{\376\377\0003\000.\000\040\0002\000\040\123\125\147\072\162\266\140\001\172\172\225\364\152\041\127\213\147\204\136\372}{chapter.3}% 20
\BOOKMARK [1][-]{section.3.3}{\376\377\0003\000.\000\040\0003\000\040\123\125\147\072\000\040\000L\000Q\000R\000\040\143\247\122\066\126\150\213\276\213\241}{chapter.3}% 21
\BOOKMARK [1][-]{section.3.4}{\376\377\0003\000.\000\040\0004\000\040\123\125\147\072\127\372\170\100\143\247\122\066\145\110\147\234\122\006\147\220}{chapter.3}% 22
\BOOKMARK [1][-]{section.3.5}{\376\377\0003\000.\000\040\0005\000\040\147\054\172\340\134\017\176\323}{chapter.3}% 23
\BOOKMARK [0][-]{chapter.4}{\376\377\173\054\0004\172\340\000\040\000\040\123\117\124\014\143\247\122\066\126\150\117\030\123\026\145\271\150\110}{}% 24
\BOOKMARK [1][-]{section.4.1}{\376\377\0004\000.\000\040\0001\000\040\163\260\147\011\143\247\122\066\145\271\150\110\225\356\230\230\122\006\147\220}{chapter.4}% 25
\BOOKMARK [1][-]{section.4.2}{\376\377\0004\000.\000\040\0002\000\040\224\376\137\017\174\373\176\337\122\006\136\003\137\017\215\337\216\052\143\247\122\066\150\106\147\266}{chapter.4}% 26
\BOOKMARK [1][-]{section.4.3}{\376\377\0004\000.\000\040\0003\000\040\127\372\116\216\000\040\000D\000M\000P\000C\000\040\166\204\123\117\124\014\215\337\216\052\143\247\122\066\173\126\165\145}{chapter.4}% 27
\BOOKMARK [2][-]{subsection.4.3.1}{\376\377\0004\000.\000\040\0003\000.\000\040\0001\000\040\173\111\145\110\123\327\143\247\174\373\176\337\147\204\136\372}{section.4.3}% 28
\BOOKMARK [2][-]{subsection.4.3.2}{\376\377\0004\000.\000\040\0003\000.\000\040\0002\000\040\230\204\155\113\152\041\127\213\060\001\176\246\147\137\116\016\140\047\200\375\143\007\150\007}{section.4.3}% 29
\BOOKMARK [2][-]{subsection.4.3.3}{\376\377\0004\000.\000\040\0003\000.\000\040\0003\000\040\122\006\136\003\137\017\117\341\140\157\116\244\116\222\116\016\117\030\123\026\154\102\211\343}{section.4.3}% 30
\BOOKMARK [1][-]{section.4.4}{\376\377\0004\000.\000\040\0004\000\040\127\372\116\216\000\040\000L\000Q\000R\000-\000A\000D\000R\000C\000\040\166\204\123\125\217\146\234\201\150\322\143\247\122\066\173\126\165\145}{chapter.4}% 31
\BOOKMARK [2][-]{subsection.4.4.1}{\376\377\0004\000.\000\040\0004\000.\000\040\0001\000\040\140\073\142\160\122\250\136\372\152\041\116\016\142\151\137\040\162\266\140\001\211\302\155\113\126\150\213\276\213\241}{section.4.4}% 32
\BOOKMARK [2][-]{subsection.4.4.2}{\376\377\0004\000.\000\040\0004\000.\000\040\0002\000\040\000L\000Q\000R\000\040\116\016\000\040\000A\000D\000R\000C\000\040\200\046\124\010\143\247\122\066\137\213}{section.4.4}% 33
\BOOKMARK [1][-]{section.4.5}{\376\377\0004\000.\000\040\0005\000\040\147\054\172\340\134\017\176\323}{chapter.4}% 34
\BOOKMARK [0][-]{chapter.5}{\376\377\173\054\0005\172\340\000\040\000\040\133\236\232\214\155\113\213\325\116\016\176\323\147\234\122\006\147\220}{}% 35
\BOOKMARK [1][-]{section.5.1}{\376\377\0005\000.\000\040\0001\000\040\133\236\232\214\136\163\123\360\116\016\155\113\213\325\174\373\176\337}{chapter.5}% 36
\BOOKMARK [1][-]{section.5.2}{\376\377\0005\000.\000\040\0002\000\040\133\236\232\214\145\271\150\110\116\016\213\304\116\367\143\007\150\007}{chapter.5}% 37
\BOOKMARK [1][-]{section.5.3}{\376\377\0005\000.\000\040\0003\000\040\127\372\170\100\123\117\124\014\143\247\122\066\145\271\150\110\133\236\232\214\176\323\147\234}{chapter.5}% 38
\BOOKMARK [1][-]{section.5.4}{\376\377\0005\000.\000\040\0004\000\040\117\030\123\026\123\117\124\014\143\247\122\066\145\271\150\110\133\236\232\214\176\323\147\234}{chapter.5}% 39
\BOOKMARK [1][-]{section.5.5}{\376\377\0005\000.\000\040\0005\000\040\147\054\172\340\134\017\176\323}{chapter.5}% 40
\BOOKMARK [0][-]{chapter*.19}{\376\377\176\323\213\272}{}% 41
\BOOKMARK [0][-]{chapter*.20}{\376\377\123\302\200\003\145\207\163\056}{}% 42
\BOOKMARK [0][-]{chapter*.21}{\376\377\226\104\137\125}{}% 43
\BOOKMARK [1][-]{section.A}{\376\377\226\104\137\125\000\040\000A\000\040\116\073\211\201\173\046\123\367\213\364\146\016}{chapter*.21}% 44
\BOOKMARK [1][-]{section.B}{\376\377\226\104\137\125\000\040\000B\000\040\133\236\232\214\213\304\116\367\143\007\150\007\213\364\146\016}{chapter*.21}% 45
\BOOKMARK [0][-]{chapter*.22}{\376\377\201\364\214\042}{}% 46
